<?xml version="1.0" encoding="UTF-8"?>
<!-- Generated by org.testng.reporters.JUnitXMLReporter -->
<testsuite hostname="Ace-PC" name="Ruchita" tests="3" failures="0" timestamp="15 Oct 2015 23:44:18 GMT" time="0.0" errors="0">
  <testcase name="testRun1" time="0.0" classname="com.toolsqa.framework.tests.TestNG_001"/>
  <testcase name="testRun2" time="0.0" classname="com.toolsqa.framework.tests.TestNG_001"/>
  <testcase name="run" time="0.0" classname="com.toolsqa.framework.tests.TestNG_002"/>
</testsuite> <!-- Ruchita -->
