<?xml version="1.0" encoding="UTF-8"?>
<testng-results skipped="0" failed="0" total="7" passed="7">
  <reporter-output>
    <line>
      <![CDATA[This is log from my test]]>
    </line>
  </reporter-output>
  <suite name="Framework" duration-ms="63" started-at="2015-10-15T23:46:17Z" finished-at="2015-10-15T23:46:17Z">
    <groups>
    </groups>
    <test name="Serghei" duration-ms="16" started-at="2015-10-15T23:46:17Z" finished-at="2015-10-15T23:46:17Z">
      <class name="com.toolsqa.framework.tests.TestNG_003">
        <test-method status="PASS" signature="validateDiscountText()[pri:0, instance:com.toolsqa.framework.tests.TestNG_003@1ae369b7]" name="validateDiscountText" duration-ms="0" started-at="2015-10-15T16:46:17Z" finished-at="2015-10-15T16:46:17Z">
          <reporter-output>
          </reporter-output>
        </test-method> <!-- validateDiscountText -->
        <test-method status="PASS" signature="beforeMethod()[pri:0, instance:com.toolsqa.framework.tests.TestNG_003@1ae369b7]" name="beforeMethod" is-config="true" duration-ms="0" started-at="2015-10-15T16:46:17Z" finished-at="2015-10-15T16:46:17Z">
          <reporter-output>
          </reporter-output>
        </test-method> <!-- beforeMethod -->
        <test-method status="PASS" signature="afterMethod()[pri:0, instance:com.toolsqa.framework.tests.TestNG_003@1ae369b7]" name="afterMethod" is-config="true" duration-ms="0" started-at="2015-10-15T16:46:17Z" finished-at="2015-10-15T16:46:17Z">
          <reporter-output>
          </reporter-output>
        </test-method> <!-- afterMethod -->
        <test-method status="PASS" signature="afterMethod()[pri:0, instance:com.toolsqa.framework.tests.TestNG_003@1ae369b7]" name="afterMethod" is-config="true" duration-ms="0" started-at="2015-10-15T16:46:17Z" finished-at="2015-10-15T16:46:17Z">
          <reporter-output>
          </reporter-output>
        </test-method> <!-- afterMethod -->
        <test-method status="PASS" signature="afterMethod()[pri:0, instance:com.toolsqa.framework.tests.TestNG_003@1ae369b7]" name="afterMethod" is-config="true" duration-ms="0" started-at="2015-10-15T16:46:17Z" finished-at="2015-10-15T16:46:17Z">
          <reporter-output>
          </reporter-output>
        </test-method> <!-- afterMethod -->
        <test-method status="PASS" signature="run1()[pri:0, instance:com.toolsqa.framework.tests.TestNG_003@1ae369b7]" name="run1" duration-ms="0" started-at="2015-10-15T16:46:17Z" finished-at="2015-10-15T16:46:17Z">
          <reporter-output>
          </reporter-output>
        </test-method> <!-- run1 -->
        <test-method status="PASS" signature="run3()[pri:0, instance:com.toolsqa.framework.tests.TestNG_003@1ae369b7]" name="run3" duration-ms="0" started-at="2015-10-15T16:46:17Z" finished-at="2015-10-15T16:46:17Z">
          <reporter-output>
            <line>
              <![CDATA[This is log from my test]]>
            </line>
          </reporter-output>
        </test-method> <!-- run3 -->
        <test-method status="PASS" signature="beforeMethod()[pri:0, instance:com.toolsqa.framework.tests.TestNG_003@1ae369b7]" name="beforeMethod" is-config="true" duration-ms="0" started-at="2015-10-15T16:46:17Z" finished-at="2015-10-15T16:46:17Z">
          <reporter-output>
          </reporter-output>
        </test-method> <!-- beforeMethod -->
        <test-method status="PASS" signature="beforeMethod()[pri:0, instance:com.toolsqa.framework.tests.TestNG_003@1ae369b7]" name="beforeMethod" is-config="true" duration-ms="0" started-at="2015-10-15T16:46:17Z" finished-at="2015-10-15T16:46:17Z">
          <reporter-output>
          </reporter-output>
        </test-method> <!-- beforeMethod -->
      </class> <!-- com.toolsqa.framework.tests.TestNG_003 -->
      <class name="com.toolsqa.framework.tests.TestNG_002">
        <test-method status="PASS" signature="run()[pri:0, instance:com.toolsqa.framework.tests.TestNG_002@2aaf7cc2]" name="run" duration-ms="0" started-at="2015-10-15T16:46:17Z" finished-at="2015-10-15T16:46:17Z">
          <reporter-output>
          </reporter-output>
        </test-method> <!-- run -->
        <test-method status="PASS" signature="afterMethod()[pri:0, instance:com.toolsqa.framework.tests.TestNG_002@2aaf7cc2]" name="afterMethod" is-config="true" duration-ms="0" started-at="2015-10-15T16:46:17Z" finished-at="2015-10-15T16:46:17Z">
          <reporter-output>
          </reporter-output>
        </test-method> <!-- afterMethod -->
        <test-method status="PASS" signature="beforeMethod()[pri:0, instance:com.toolsqa.framework.tests.TestNG_002@2aaf7cc2]" name="beforeMethod" is-config="true" duration-ms="0" started-at="2015-10-15T16:46:17Z" finished-at="2015-10-15T16:46:17Z">
          <reporter-output>
          </reporter-output>
        </test-method> <!-- beforeMethod -->
      </class> <!-- com.toolsqa.framework.tests.TestNG_002 -->
    </test> <!-- Serghei -->
    <test name="Ruchita" duration-ms="0" started-at="2015-10-15T23:46:17Z" finished-at="2015-10-15T23:46:17Z">
      <class name="com.toolsqa.framework.tests.TestNG_002">
        <test-method status="PASS" signature="afterMethod()[pri:0, instance:com.toolsqa.framework.tests.TestNG_002@4cdbe50f]" name="afterMethod" is-config="true" duration-ms="0" started-at="2015-10-15T16:46:17Z" finished-at="2015-10-15T16:46:17Z">
          <reporter-output>
          </reporter-output>
        </test-method> <!-- afterMethod -->
        <test-method status="PASS" signature="run()[pri:0, instance:com.toolsqa.framework.tests.TestNG_002@4cdbe50f]" name="run" duration-ms="0" started-at="2015-10-15T16:46:17Z" finished-at="2015-10-15T16:46:17Z">
          <reporter-output>
          </reporter-output>
        </test-method> <!-- run -->
        <test-method status="PASS" signature="beforeMethod()[pri:0, instance:com.toolsqa.framework.tests.TestNG_002@4cdbe50f]" name="beforeMethod" is-config="true" duration-ms="0" started-at="2015-10-15T16:46:17Z" finished-at="2015-10-15T16:46:17Z">
          <reporter-output>
          </reporter-output>
        </test-method> <!-- beforeMethod -->
      </class> <!-- com.toolsqa.framework.tests.TestNG_002 -->
      <class name="com.toolsqa.framework.tests.TestNG_001">
        <test-method status="PASS" signature="testRun1()[pri:0, instance:com.toolsqa.framework.tests.TestNG_001@45c8e616]" name="testRun1" duration-ms="0" started-at="2015-10-15T16:46:17Z" finished-at="2015-10-15T16:46:17Z">
          <reporter-output>
          </reporter-output>
        </test-method> <!-- testRun1 -->
        <test-method status="PASS" signature="testRun2()[pri:0, instance:com.toolsqa.framework.tests.TestNG_001@45c8e616]" name="testRun2" duration-ms="0" started-at="2015-10-15T16:46:17Z" finished-at="2015-10-15T16:46:17Z">
          <reporter-output>
          </reporter-output>
        </test-method> <!-- testRun2 -->
        <test-method status="PASS" signature="beforeMethod()[pri:0, instance:com.toolsqa.framework.tests.TestNG_001@45c8e616]" name="beforeMethod" is-config="true" duration-ms="0" started-at="2015-10-15T16:46:17Z" finished-at="2015-10-15T16:46:17Z">
          <reporter-output>
          </reporter-output>
        </test-method> <!-- beforeMethod -->
        <test-method status="PASS" signature="afterMethod()[pri:0, instance:com.toolsqa.framework.tests.TestNG_001@45c8e616]" name="afterMethod" is-config="true" duration-ms="0" started-at="2015-10-15T16:46:17Z" finished-at="2015-10-15T16:46:17Z">
          <reporter-output>
          </reporter-output>
        </test-method> <!-- afterMethod -->
        <test-method status="PASS" signature="beforeMethod()[pri:0, instance:com.toolsqa.framework.tests.TestNG_001@45c8e616]" name="beforeMethod" is-config="true" duration-ms="0" started-at="2015-10-15T16:46:17Z" finished-at="2015-10-15T16:46:17Z">
          <reporter-output>
          </reporter-output>
        </test-method> <!-- beforeMethod -->
        <test-method status="PASS" signature="afterMethod()[pri:0, instance:com.toolsqa.framework.tests.TestNG_001@45c8e616]" name="afterMethod" is-config="true" duration-ms="0" started-at="2015-10-15T16:46:17Z" finished-at="2015-10-15T16:46:17Z">
          <reporter-output>
          </reporter-output>
        </test-method> <!-- afterMethod -->
      </class> <!-- com.toolsqa.framework.tests.TestNG_001 -->
    </test> <!-- Ruchita -->
  </suite> <!-- Framework -->
</testng-results>
